# JRE version: OpenJDK Runtime Environment (8.0_152-b06) (build 1.8.0_152-release-1136-b06)
# Java VM: OpenJDK 64-Bit Server VM (25.152-b06 mixed mode windows-amd64 compressed oops)
Heap:
 PSYoungGen      total 155136K, used 75406K [0x00000000e0000000, 0x00000000ece80000, 0x0000000100000000)
  eden space 142336K, 52% used [0x00000000e0000000,0x00000000e49a3898,0x00000000e8b00000)
  from space 12800K, 0% used [0x00000000e8b00000,0x00000000e8b00000,0x00000000e9780000)
  to   space 12288K, 0% used [0x00000000ec280000,0x00000000ec280000,0x00000000ece80000)
 ParOldGen       total 61440K, used 20891K [0x00000000a0000000, 0x00000000a3c00000, 0x00000000e0000000)
  object space 61440K, 34% used [0x00000000a0000000,0x00000000a1466c78,0x00000000a3c00000)
 Metaspace       used 43698K, capacity 44620K, committed 44928K, reserved 1089536K
  class space    used 5933K, capacity 6262K, committed 6272K, reserved 1048576K
GC Heap History (10 events):
Event: 6.294 GC heap before
{Heap before GC invocations=8 (full 1):
 PSYoungGen      total 104448K, used 104419K [0x00000000e0000000, 0x00000000e9080000, 0x0000000100000000)
  eden space 97792K, 100% used [0x00000000e0000000,0x00000000e5f80000,0x00000000e5f80000)
  from space 6656K, 99% used [0x00000000e8a00000,0x00000000e9078f30,0x00000000e9080000)
  to   space 9728K, 0% used [0x00000000e7d80000,0x00000000e7d80000,0x00000000e8700000)
 ParOldGen       total 61440K, used 8355K [0x00000000a0000000, 0x00000000a3c00000, 0x00000000e0000000)
  object space 61440K, 13% used [0x00000000a0000000,0x00000000a0828d98,0x00000000a3c00000)
 Metaspace       used 32016K, capacity 32752K, committed 32896K, reserved 1077248K
  class space    used 4488K, capacity 4728K, committed 4736K, reserved 1048576K
Event: 6.311 GC heap after
Heap after GC invocations=8 (full 1):
 PSYoungGen      total 138240K, used 9700K [0x00000000e0000000, 0x00000000ea380000, 0x0000000100000000)
  eden space 128512K, 0% used [0x00000000e0000000,0x00000000e0000000,0x00000000e7d80000)
  from space 9728K, 99% used [0x00000000e7d80000,0x00000000e86f9008,0x00000000e8700000)
  to   space 12288K, 0% used [0x00000000e9780000,0x00000000e9780000,0x00000000ea380000)
 ParOldGen       total 61440K, used 11381K [0x00000000a0000000, 0x00000000a3c00000, 0x00000000e0000000)
  object space 61440K, 18% used [0x00000000a0000000,0x00000000a0b1d4a0,0x00000000a3c00000)
 Metaspace       used 32016K, capacity 32752K, committed 32896K, reserved 1077248K
  class space    used 4488K, capacity 4728K, committed 4736K, reserved 1048576K
}
Event: 6.536 GC heap before
{Heap before GC invocations=9 (full 1):
 PSYoungGen      total 138240K, used 23724K [0x00000000e0000000, 0x00000000ea380000, 0x0000000100000000)
  eden space 128512K, 10% used [0x00000000e0000000,0x00000000e0db2328,0x00000000e7d80000)
  from space 9728K, 99% used [0x00000000e7d80000,0x00000000e86f9008,0x00000000e8700000)
  to   space 12288K, 0% used [0x00000000e9780000,0x00000000e9780000,0x00000000ea380000)
 ParOldGen       total 61440K, used 11381K [0x00000000a0000000, 0x00000000a3c00000, 0x00000000e0000000)
  object space 61440K, 18% used [0x00000000a0000000,0x00000000a0b1d4a0,0x00000000a3c00000)
 Metaspace       used 34644K, capacity 35330K, committed 35416K, reserved 1079296K
  class space    used 4855K, capacity 5120K, committed 5120K, reserved 1048576K
Event: 6.550 GC heap after
Heap after GC invocations=9 (full 1):
 PSYoungGen      total 154624K, used 9688K [0x00000000e0000000, 0x00000000ee580000, 0x0000000100000000)
  eden space 142336K, 0% used [0x00000000e0000000,0x00000000e0000000,0x00000000e8b00000)
  from space 12288K, 78% used [0x00000000e9780000,0x00000000ea0f60f0,0x00000000ea380000)
  to   space 12800K, 0% used [0x00000000e8b00000,0x00000000e8b00000,0x00000000e9780000)
 ParOldGen       total 61440K, used 11389K [0x00000000a0000000, 0x00000000a3c00000, 0x00000000e0000000)
  object space 61440K, 18% used [0x00000000a0000000,0x00000000a0b1f4a0,0x00000000a3c00000)
 Metaspace       used 34644K, capacity 35330K, committed 35416K, reserved 1079296K
  class space    used 4855K, capacity 5120K, committed 5120K, reserved 1048576K
}
Event: 6.550 GC heap before
{Heap before GC invocations=10 (full 2):
 PSYoungGen      total 154624K, used 9688K [0x00000000e0000000, 0x00000000ee580000, 0x0000000100000000)
  eden space 142336K, 0% used [0x00000000e0000000,0x00000000e0000000,0x00000000e8b00000)
  from space 12288K, 78% used [0x00000000e9780000,0x00000000ea0f60f0,0x00000000ea380000)
  to   space 12800K, 0% used [0x00000000e8b00000,0x00000000e8b00000,0x00000000e9780000)
 ParOldGen       total 61440K, used 11389K [0x00000000a0000000, 0x00000000a3c00000, 0x00000000e0000000)
  object space 61440K, 18% used [0x00000000a0000000,0x00000000a0b1f4a0,0x00000000a3c00000)
 Metaspace       used 34644K, capacity 35330K, committed 35416K, reserved 1079296K
  class space    used 4855K, capacity 5120K, committed 5120K, reserved 1048576K
Event: 6.637 GC heap after
Heap after GC invocations=10 (full 2):
 PSYoungGen      total 154624K, used 0K [0x00000000e0000000, 0x00000000ee580000, 0x0000000100000000)
  eden space 142336K, 0% used [0x00000000e0000000,0x00000000e0000000,0x00000000e8b00000)
  from space 12288K, 0% used [0x00000000e9780000,0x00000000e9780000,0x00000000ea380000)
  to   space 12800K, 0% used [0x00000000e8b00000,0x00000000e8b00000,0x00000000e9780000)
 ParOldGen       total 61440K, used 16238K [0x00000000a0000000, 0x00000000a3c00000, 0x00000000e0000000)
  object space 61440K, 26% used [0x00000000a0000000,0x00000000a0fdba80,0x00000000a3c00000)
 Metaspace       used 34644K, capacity 35330K, committed 35416K, reserved 1079296K
  class space    used 4855K, capacity 5120K, committed 5120K, reserved 1048576K
}
Event: 7.165 GC heap before
{Heap before GC invocations=11 (full 2):
 PSYoungGen      total 154624K, used 63450K [0x00000000e0000000, 0x00000000ee580000, 0x0000000100000000)
  eden space 142336K, 44% used [0x00000000e0000000,0x00000000e3df68f8,0x00000000e8b00000)
  from space 12288K, 0% used [0x00000000e9780000,0x00000000e9780000,0x00000000ea380000)
  to   space 12800K, 0% used [0x00000000e8b00000,0x00000000e8b00000,0x00000000e9780000)
 ParOldGen       total 61440K, used 16238K [0x00000000a0000000, 0x00000000a3c00000, 0x00000000e0000000)
  object space 61440K, 26% used [0x00000000a0000000,0x00000000a0fdba80,0x00000000a3c00000)
 Metaspace       used 39024K, capacity 39768K, committed 39936K, reserved 1087488K
  class space    used 5343K, capacity 5595K, committed 5632K, reserved 1048576K
Event: 7.171 GC heap after
Heap after GC invocations=11 (full 2):
 PSYoungGen      total 155136K, used 6143K [0x00000000e0000000, 0x00000000ece80000, 0x0000000100000000)
  eden space 142336K, 0% used [0x00000000e0000000,0x00000000e0000000,0x00000000e8b00000)
  from space 12800K, 47% used [0x00000000e8b00000,0x00000000e90fff00,0x00000000e9780000)
  to   space 12288K, 0% used [0x00000000ec280000,0x00000000ec280000,0x00000000ece80000)
 ParOldGen       total 61440K, used 16246K [0x00000000a0000000, 0x00000000a3c00000, 0x00000000e0000000)
  object space 61440K, 26% used [0x00000000a0000000,0x00000000a0fdda80,0x00000000a3c00000)
 Metaspace       used 39024K, capacity 39768K, committed 39936K, reserved 1087488K
  class space    used 5343K, capacity 5595K, committed 5632K, reserved 1048576K
}
Event: 7.171 GC heap before
{Heap before GC invocations=12 (full 3):
 PSYoungGen      total 155136K, used 6143K [0x00000000e0000000, 0x00000000ece80000, 0x0000000100000000)
  eden space 142336K, 0% used [0x00000000e0000000,0x00000000e0000000,0x00000000e8b00000)
  from space 12800K, 47% used [0x00000000e8b00000,0x00000000e90fff00,0x00000000e9780000)
  to   space 12288K, 0% used [0x00000000ec280000,0x00000000ec280000,0x00000000ece80000)
 ParOldGen       total 61440K, used 16246K [0x00000000a0000000, 0x00000000a3c00000, 0x00000000e0000000)
  object space 61440K, 26% used [0x00000000a0000000,0x00000000a0fdda80,0x00000000a3c00000)
 Metaspace       used 39024K, capacity 39768K, committed 39936K, reserved 1087488K
  class space    used 5343K, capacity 5595K, committed 5632K, reserved 1048576K
Event: 7.352 GC heap after
Heap after GC invocations=12 (full 3):
 PSYoungGen      total 155136K, used 0K [0x00000000e0000000, 0x00000000ece80000, 0x0000000100000000)
  eden space 142336K, 0% used [0x00000000e0000000,0x00000000e0000000,0x00000000e8b00000)
  from space 12800K, 0% used [0x00000000e8b00000,0x00000000e8b00000,0x00000000e9780000)
  to   space 12288K, 0% used [0x00000000ec280000,0x00000000ec280000,0x00000000ece80000)
 ParOldGen       total 61440K, used 20891K [0x00000000a0000000, 0x00000000a3c00000, 0x00000000e0000000)
  object space 61440K, 34% used [0x00000000a0000000,0x00000000a1466c78,0x00000000a3c00000)
 Metaspace       used 39024K, capacity 39768K, committed 39936K, reserved 1085440K
  class space    used 5343K, capacity 5595K, committed 5632K, reserved 1048576K
}

