# JRE version: OpenJDK Runtime Environment (8.0_152-b06) (build 1.8.0_152-release-1136-b06)
# Java VM: OpenJDK 64-Bit Server VM (25.152-b06 mixed mode windows-amd64 compressed oops)
Heap:
 PSYoungGen      total 138240K, used 21134K [0x00000000e0000000, 0x00000000eb180000, 0x0000000100000000)
  eden space 128512K, 8% used [0x00000000e0000000,0x00000000e0b27a68,0x00000000e7d80000)
  from space 9728K, 99% used [0x00000000e7d80000,0x00000000e86fbfe8,0x00000000e8700000)
  to   space 12800K, 0% used [0x00000000ea500000,0x00000000ea500000,0x00000000eb180000)
 ParOldGen       total 83456K, used 21444K [0x00000000a0000000, 0x00000000a5180000, 0x00000000e0000000)
  object space 83456K, 25% used [0x00000000a0000000,0x00000000a14f10e0,0x00000000a5180000)
 Metaspace       used 43705K, capacity 44668K, committed 44928K, reserved 1087488K
  class space    used 5935K, capacity 6262K, committed 6272K, reserved 1048576K
GC Heap History (10 events):
Event: 3.356 GC heap before
{Heap before GC invocations=7 (full 1):
 PSYoungGen      total 70656K, used 65536K [0x00000000e0000000, 0x00000000e9400000, 0x0000000100000000)
  eden space 65536K, 100% used [0x00000000e0000000,0x00000000e4000000,0x00000000e4000000)
  from space 5120K, 0% used [0x00000000e4000000,0x00000000e4000000,0x00000000e4500000)
  to   space 10240K, 0% used [0x00000000e8a00000,0x00000000e8a00000,0x00000000e9400000)
 ParOldGen       total 58880K, used 8334K [0x00000000a0000000, 0x00000000a3980000, 0x00000000e0000000)
  object space 58880K, 14% used [0x00000000a0000000,0x00000000a0823b60,0x00000000a3980000)
 Metaspace       used 25875K, capacity 26366K, committed 26624K, reserved 1073152K
  class space    used 3626K, capacity 3800K, committed 3840K, reserved 1048576K
Event: 3.367 GC heap after
Heap after GC invocations=7 (full 1):
 PSYoungGen      total 109568K, used 6407K [0x00000000e0000000, 0x00000000e9080000, 0x0000000100000000)
  eden space 102912K, 0% used [0x00000000e0000000,0x00000000e0000000,0x00000000e6480000)
  from space 6656K, 96% used [0x00000000e8a00000,0x00000000e9041ee8,0x00000000e9080000)
  to   space 9728K, 0% used [0x00000000e7d80000,0x00000000e7d80000,0x00000000e8700000)
 ParOldGen       total 58880K, used 8342K [0x00000000a0000000, 0x00000000a3980000, 0x00000000e0000000)
  object space 58880K, 14% used [0x00000000a0000000,0x00000000a0825b60,0x00000000a3980000)
 Metaspace       used 25875K, capacity 26366K, committed 26624K, reserved 1073152K
  class space    used 3626K, capacity 3800K, committed 3840K, reserved 1048576K
}
Event: 5.626 GC heap before
{Heap before GC invocations=8 (full 1):
 PSYoungGen      total 109568K, used 109319K [0x00000000e0000000, 0x00000000e9080000, 0x0000000100000000)
  eden space 102912K, 100% used [0x00000000e0000000,0x00000000e6480000,0x00000000e6480000)
  from space 6656K, 96% used [0x00000000e8a00000,0x00000000e9041ee8,0x00000000e9080000)
  to   space 9728K, 0% used [0x00000000e7d80000,0x00000000e7d80000,0x00000000e8700000)
 ParOldGen       total 58880K, used 8342K [0x00000000a0000000, 0x00000000a3980000, 0x00000000e0000000)
  object space 58880K, 14% used [0x00000000a0000000,0x00000000a0825b60,0x00000000a3980000)
 Metaspace       used 32421K, capacity 33088K, committed 33280K, reserved 1077248K
  class space    used 4551K, capacity 4804K, committed 4864K, reserved 1048576K
Event: 5.643 GC heap after
Heap after GC invocations=8 (full 1):
 PSYoungGen      total 138240K, used 9718K [0x00000000e0000000, 0x00000000eb180000, 0x0000000100000000)
  eden space 128512K, 0% used [0x00000000e0000000,0x00000000e0000000,0x00000000e7d80000)
  from space 9728K, 99% used [0x00000000e7d80000,0x00000000e86fdbf0,0x00000000e8700000)
  to   space 12800K, 0% used [0x00000000ea500000,0x00000000ea500000,0x00000000eb180000)
 ParOldGen       total 58880K, used 11735K [0x00000000a0000000, 0x00000000a3980000, 0x00000000e0000000)
  object space 58880K, 19% used [0x00000000a0000000,0x00000000a0b75c08,0x00000000a3980000)
 Metaspace       used 32421K, capacity 33088K, committed 33280K, reserved 1077248K
  class space    used 4551K, capacity 4804K, committed 4864K, reserved 1048576K
}
Event: 5.814 GC heap before
{Heap before GC invocations=9 (full 1):
 PSYoungGen      total 138240K, used 21382K [0x00000000e0000000, 0x00000000eb180000, 0x0000000100000000)
  eden space 128512K, 9% used [0x00000000e0000000,0x00000000e0b63e00,0x00000000e7d80000)
  from space 9728K, 99% used [0x00000000e7d80000,0x00000000e86fdbf0,0x00000000e8700000)
  to   space 12800K, 0% used [0x00000000ea500000,0x00000000ea500000,0x00000000eb180000)
 ParOldGen       total 58880K, used 11735K [0x00000000a0000000, 0x00000000a3980000, 0x00000000e0000000)
  object space 58880K, 19% used [0x00000000a0000000,0x00000000a0b75c08,0x00000000a3980000)
 Metaspace       used 34557K, capacity 35282K, committed 35416K, reserved 1079296K
  class space    used 4848K, capacity 5088K, committed 5120K, reserved 1048576K
Event: 5.833 GC heap after
Heap after GC invocations=9 (full 1):
 PSYoungGen      total 141312K, used 9331K [0x00000000e0000000, 0x00000000eb180000, 0x0000000100000000)
  eden space 128512K, 0% used [0x00000000e0000000,0x00000000e0000000,0x00000000e7d80000)
  from space 12800K, 72% used [0x00000000ea500000,0x00000000eae1ce60,0x00000000eb180000)
  to   space 9728K, 0% used [0x00000000e7d80000,0x00000000e7d80000,0x00000000e8700000)
 ParOldGen       total 58880K, used 11743K [0x00000000a0000000, 0x00000000a3980000, 0x00000000e0000000)
  object space 58880K, 19% used [0x00000000a0000000,0x00000000a0b77c08,0x00000000a3980000)
 Metaspace       used 34557K, capacity 35282K, committed 35416K, reserved 1079296K
  class space    used 4848K, capacity 5088K, committed 5120K, reserved 1048576K
}
Event: 5.833 GC heap before
{Heap before GC invocations=10 (full 2):
 PSYoungGen      total 141312K, used 9331K [0x00000000e0000000, 0x00000000eb180000, 0x0000000100000000)
  eden space 128512K, 0% used [0x00000000e0000000,0x00000000e0000000,0x00000000e7d80000)
  from space 12800K, 72% used [0x00000000ea500000,0x00000000eae1ce60,0x00000000eb180000)
  to   space 9728K, 0% used [0x00000000e7d80000,0x00000000e7d80000,0x00000000e8700000)
 ParOldGen       total 58880K, used 11743K [0x00000000a0000000, 0x00000000a3980000, 0x00000000e0000000)
  object space 58880K, 19% used [0x00000000a0000000,0x00000000a0b77c08,0x00000000a3980000)
 Metaspace       used 34557K, capacity 35282K, committed 35416K, reserved 1079296K
  class space    used 4848K, capacity 5088K, committed 5120K, reserved 1048576K
Event: 5.912 GC heap after
Heap after GC invocations=10 (full 2):
 PSYoungGen      total 141312K, used 0K [0x00000000e0000000, 0x00000000eb180000, 0x0000000100000000)
  eden space 128512K, 0% used [0x00000000e0000000,0x00000000e0000000,0x00000000e7d80000)
  from space 12800K, 0% used [0x00000000ea500000,0x00000000ea500000,0x00000000eb180000)
  to   space 9728K, 0% used [0x00000000e7d80000,0x00000000e7d80000,0x00000000e8700000)
 ParOldGen       total 83456K, used 15858K [0x00000000a0000000, 0x00000000a5180000, 0x00000000e0000000)
  object space 83456K, 19% used [0x00000000a0000000,0x00000000a0f7c908,0x00000000a5180000)
 Metaspace       used 34557K, capacity 35282K, committed 35416K, reserved 1079296K
  class space    used 4848K, capacity 5088K, committed 5120K, reserved 1048576K
}
Event: 7.320 GC heap before
{Heap before GC invocations=11 (full 2):
 PSYoungGen      total 141312K, used 128512K [0x00000000e0000000, 0x00000000eb180000, 0x0000000100000000)
  eden space 128512K, 100% used [0x00000000e0000000,0x00000000e7d80000,0x00000000e7d80000)
  from space 12800K, 0% used [0x00000000ea500000,0x00000000ea500000,0x00000000eb180000)
  to   space 9728K, 0% used [0x00000000e7d80000,0x00000000e7d80000,0x00000000e8700000)
 ParOldGen       total 83456K, used 15858K [0x00000000a0000000, 0x00000000a5180000, 0x00000000e0000000)
  object space 83456K, 19% used [0x00000000a0000000,0x00000000a0f7c908,0x00000000a5180000)
 Metaspace       used 42827K, capacity 43704K, committed 44032K, reserved 1087488K
  class space    used 5799K, capacity 6094K, committed 6144K, reserved 1048576K
Event: 7.350 GC heap after
Heap after GC invocations=11 (full 2):
 PSYoungGen      total 138240K, used 9711K [0x00000000e0000000, 0x00000000eb180000, 0x0000000100000000)
  eden space 128512K, 0% used [0x00000000e0000000,0x00000000e0000000,0x00000000e7d80000)
  from space 9728K, 99% used [0x00000000e7d80000,0x00000000e86fbfe8,0x00000000e8700000)
  to   space 12800K, 0% used [0x00000000ea500000,0x00000000ea500000,0x00000000eb180000)
 ParOldGen       total 83456K, used 21444K [0x00000000a0000000, 0x00000000a5180000, 0x00000000e0000000)
  object space 83456K, 25% used [0x00000000a0000000,0x00000000a14f10e0,0x00000000a5180000)
 Metaspace       used 42827K, capacity 43704K, committed 44032K, reserved 1087488K
  class space    used 5799K, capacity 6094K, committed 6144K, reserved 1048576K
}

