# JRE version: OpenJDK Runtime Environment (8.0_152-b06) (build 1.8.0_152-release-1136-b06)
# Java VM: OpenJDK 64-Bit Server VM (25.152-b06 mixed mode windows-amd64 compressed oops)
Heap:
 PSYoungGen      total 164352K, used 77590K [0x00000000e0000000, 0x00000000ede00000, 0x0000000100000000)
  eden space 152064K, 51% used [0x00000000e0000000,0x00000000e4bc5978,0x00000000e9480000)
  from space 12288K, 0% used [0x00000000ea180000,0x00000000ea180000,0x00000000ead80000)
  to   space 13312K, 0% used [0x00000000e9480000,0x00000000e9480000,0x00000000ea180000)
 ParOldGen       total 59904K, used 17188K [0x00000000a0000000, 0x00000000a3a80000, 0x00000000e0000000)
  object space 59904K, 28% used [0x00000000a0000000,0x00000000a10c9110,0x00000000a3a80000)
 Metaspace       used 41192K, capacity 42008K, committed 42240K, reserved 1085440K
  class space    used 5562K, capacity 5853K, committed 5888K, reserved 1048576K
GC Heap History (10 events):
Event: 2.574 GC heap before
{Heap before GC invocations=6 (full 1):
 PSYoungGen      total 70656K, used 5092K [0x00000000e0000000, 0x00000000e9400000, 0x0000000100000000)
  eden space 65536K, 0% used [0x00000000e0000000,0x00000000e0000000,0x00000000e4000000)
  from space 5120K, 99% used [0x00000000e4000000,0x00000000e44f9050,0x00000000e4500000)
  to   space 10240K, 0% used [0x00000000e8a00000,0x00000000e8a00000,0x00000000e9400000)
 ParOldGen       total 86016K, used 8095K [0x00000000a0000000, 0x00000000a5400000, 0x00000000e0000000)
  object space 86016K, 9% used [0x00000000a0000000,0x00000000a07e7dc0,0x00000000a5400000)
 Metaspace       used 20803K, capacity 21194K, committed 21248K, reserved 1067008K
  class space    used 2910K, capacity 3042K, committed 3072K, reserved 1048576K
Event: 2.612 GC heap after
Heap after GC invocations=6 (full 1):
 PSYoungGen      total 70656K, used 0K [0x00000000e0000000, 0x00000000e9400000, 0x0000000100000000)
  eden space 65536K, 0% used [0x00000000e0000000,0x00000000e0000000,0x00000000e4000000)
  from space 5120K, 0% used [0x00000000e4000000,0x00000000e4000000,0x00000000e4500000)
  to   space 10240K, 0% used [0x00000000e8a00000,0x00000000e8a00000,0x00000000e9400000)
 ParOldGen       total 59904K, used 8350K [0x00000000a0000000, 0x00000000a3a80000, 0x00000000e0000000)
  object space 59904K, 13% used [0x00000000a0000000,0x00000000a0827918,0x00000000a3a80000)
 Metaspace       used 20803K, capacity 21194K, committed 21248K, reserved 1067008K
  class space    used 2910K, capacity 3042K, committed 3072K, reserved 1048576K
}
Event: 3.603 GC heap before
{Heap before GC invocations=7 (full 1):
 PSYoungGen      total 70656K, used 65536K [0x00000000e0000000, 0x00000000e9400000, 0x0000000100000000)
  eden space 65536K, 100% used [0x00000000e0000000,0x00000000e4000000,0x00000000e4000000)
  from space 5120K, 0% used [0x00000000e4000000,0x00000000e4000000,0x00000000e4500000)
  to   space 10240K, 0% used [0x00000000e8a00000,0x00000000e8a00000,0x00000000e9400000)
 ParOldGen       total 59904K, used 8350K [0x00000000a0000000, 0x00000000a3a80000, 0x00000000e0000000)
  object space 59904K, 13% used [0x00000000a0000000,0x00000000a0827918,0x00000000a3a80000)
 Metaspace       used 25990K, capacity 26522K, committed 26624K, reserved 1073152K
  class space    used 3637K, capacity 3803K, committed 3840K, reserved 1048576K
Event: 3.616 GC heap after
Heap after GC invocations=7 (full 1):
 PSYoungGen      total 108544K, used 6593K [0x00000000e0000000, 0x00000000e9080000, 0x0000000100000000)
  eden space 101888K, 0% used [0x00000000e0000000,0x00000000e0000000,0x00000000e6380000)
  from space 6656K, 99% used [0x00000000e8a00000,0x00000000e90707e0,0x00000000e9080000)
  to   space 9728K, 0% used [0x00000000e7d80000,0x00000000e7d80000,0x00000000e8700000)
 ParOldGen       total 59904K, used 8358K [0x00000000a0000000, 0x00000000a3a80000, 0x00000000e0000000)
  object space 59904K, 13% used [0x00000000a0000000,0x00000000a0829918,0x00000000a3a80000)
 Metaspace       used 25990K, capacity 26522K, committed 26624K, reserved 1073152K
  class space    used 3637K, capacity 3803K, committed 3840K, reserved 1048576K
}
Event: 7.534 GC heap before
{Heap before GC invocations=8 (full 1):
 PSYoungGen      total 108544K, used 108481K [0x00000000e0000000, 0x00000000e9080000, 0x0000000100000000)
  eden space 101888K, 100% used [0x00000000e0000000,0x00000000e6380000,0x00000000e6380000)
  from space 6656K, 99% used [0x00000000e8a00000,0x00000000e90707e0,0x00000000e9080000)
  to   space 9728K, 0% used [0x00000000e7d80000,0x00000000e7d80000,0x00000000e8700000)
 ParOldGen       total 59904K, used 8358K [0x00000000a0000000, 0x00000000a3a80000, 0x00000000e0000000)
  object space 59904K, 13% used [0x00000000a0000000,0x00000000a0829918,0x00000000a3a80000)
 Metaspace       used 32002K, capacity 32590K, committed 32640K, reserved 1077248K
  class space    used 4503K, capacity 4718K, committed 4736K, reserved 1048576K
Event: 7.550 GC heap after
Heap after GC invocations=8 (full 1):
 PSYoungGen      total 138240K, used 9706K [0x00000000e0000000, 0x00000000ead80000, 0x0000000100000000)
  eden space 128512K, 0% used [0x00000000e0000000,0x00000000e0000000,0x00000000e7d80000)
  from space 9728K, 99% used [0x00000000e7d80000,0x00000000e86fa940,0x00000000e8700000)
  to   space 12288K, 0% used [0x00000000ea180000,0x00000000ea180000,0x00000000ead80000)
 ParOldGen       total 59904K, used 11414K [0x00000000a0000000, 0x00000000a3a80000, 0x00000000e0000000)
  object space 59904K, 19% used [0x00000000a0000000,0x00000000a0b25b90,0x00000000a3a80000)
 Metaspace       used 32002K, capacity 32590K, committed 32640K, reserved 1077248K
  class space    used 4503K, capacity 4718K, committed 4736K, reserved 1048576K
}
Event: 8.042 GC heap before
{Heap before GC invocations=9 (full 1):
 PSYoungGen      total 138240K, used 30190K [0x00000000e0000000, 0x00000000ead80000, 0x0000000100000000)
  eden space 128512K, 15% used [0x00000000e0000000,0x00000000e1400f48,0x00000000e7d80000)
  from space 9728K, 99% used [0x00000000e7d80000,0x00000000e86fa940,0x00000000e8700000)
  to   space 12288K, 0% used [0x00000000ea180000,0x00000000ea180000,0x00000000ead80000)
 ParOldGen       total 59904K, used 11414K [0x00000000a0000000, 0x00000000a3a80000, 0x00000000e0000000)
  object space 59904K, 19% used [0x00000000a0000000,0x00000000a0b25b90,0x00000000a3a80000)
 Metaspace       used 34516K, capacity 35240K, committed 35416K, reserved 1079296K
  class space    used 4748K, capacity 5026K, committed 5120K, reserved 1048576K
Event: 8.058 GC heap after
Heap after GC invocations=9 (full 1):
 PSYoungGen      total 164352K, used 10780K [0x00000000e0000000, 0x00000000ede00000, 0x0000000100000000)
  eden space 152064K, 0% used [0x00000000e0000000,0x00000000e0000000,0x00000000e9480000)
  from space 12288K, 87% used [0x00000000ea180000,0x00000000eac070b8,0x00000000ead80000)
  to   space 13312K, 0% used [0x00000000e9480000,0x00000000e9480000,0x00000000ea180000)
 ParOldGen       total 59904K, used 11422K [0x00000000a0000000, 0x00000000a3a80000, 0x00000000e0000000)
  object space 59904K, 19% used [0x00000000a0000000,0x00000000a0b27b90,0x00000000a3a80000)
 Metaspace       used 34516K, capacity 35240K, committed 35416K, reserved 1079296K
  class space    used 4748K, capacity 5026K, committed 5120K, reserved 1048576K
}
Event: 8.058 GC heap before
{Heap before GC invocations=10 (full 2):
 PSYoungGen      total 164352K, used 10780K [0x00000000e0000000, 0x00000000ede00000, 0x0000000100000000)
  eden space 152064K, 0% used [0x00000000e0000000,0x00000000e0000000,0x00000000e9480000)
  from space 12288K, 87% used [0x00000000ea180000,0x00000000eac070b8,0x00000000ead80000)
  to   space 13312K, 0% used [0x00000000e9480000,0x00000000e9480000,0x00000000ea180000)
 ParOldGen       total 59904K, used 11422K [0x00000000a0000000, 0x00000000a3a80000, 0x00000000e0000000)
  object space 59904K, 19% used [0x00000000a0000000,0x00000000a0b27b90,0x00000000a3a80000)
 Metaspace       used 34516K, capacity 35240K, committed 35416K, reserved 1079296K
  class space    used 4748K, capacity 5026K, committed 5120K, reserved 1048576K
Event: 8.137 GC heap after
Heap after GC invocations=10 (full 2):
 PSYoungGen      total 164352K, used 0K [0x00000000e0000000, 0x00000000ede00000, 0x0000000100000000)
  eden space 152064K, 0% used [0x00000000e0000000,0x00000000e0000000,0x00000000e9480000)
  from space 12288K, 0% used [0x00000000ea180000,0x00000000ea180000,0x00000000ead80000)
  to   space 13312K, 0% used [0x00000000e9480000,0x00000000e9480000,0x00000000ea180000)
 ParOldGen       total 59904K, used 17188K [0x00000000a0000000, 0x00000000a3a80000, 0x00000000e0000000)
  object space 59904K, 28% used [0x00000000a0000000,0x00000000a10c9110,0x00000000a3a80000)
 Metaspace       used 34493K, capacity 35152K, committed 35416K, reserved 1079296K
  class space    used 4742K, capacity 5018K, committed 5120K, reserved 1048576K
}

